0 info it worked if it ends with ok
1 verbose cli [ '/usr/local/Cellar/node/6.1.0/bin/node',
1 verbose cli   '/usr/local/bin/npm',
1 verbose cli   'run',
1 verbose cli   'dev-build' ]
2 info using npm@3.8.5
3 info using node@v6.1.0
4 verbose run-script [ 'predev-build', 'dev-build', 'postdev-build' ]
5 info lifecycle rma-toolkit@0.1.0~predev-build: rma-toolkit@0.1.0
6 silly lifecycle rma-toolkit@0.1.0~predev-build: no script for predev-build, continuing
7 info lifecycle rma-toolkit@0.1.0~dev-build: rma-toolkit@0.1.0
8 verbose lifecycle rma-toolkit@0.1.0~dev-build: unsafe-perm in lifecycle true
9 verbose lifecycle rma-toolkit@0.1.0~dev-build: PATH: /usr/local/lib/node_modules/npm/bin/node-gyp-bin:/Users/lukasholoubek/Documents/code/rma_tools/electron-test/electron-solo/node_modules/.bin:/usr/local/Cellar/node/6.1.0/bin:/Users/lukasholoubek/exec -l /bin/bash/google-cloud-sdk/bin:/opt/local/bin:/opt/local/sbin:/usr/local/bin:/Users/lukasholoubek/Library/Android/sdk/platform-tools:/usr/local/bin:/usr/bin:/bin:/usr/sbin:/sbin
10 verbose lifecycle rma-toolkit@0.1.0~dev-build: CWD: /Users/lukasholoubek/Documents/code/rma_tools/electron-test/electron-solo
11 silly lifecycle rma-toolkit@0.1.0~dev-build: Args: [ '-c', 'node ./node_modules/gulp/bin/gulp.js' ]
12 silly lifecycle rma-toolkit@0.1.0~dev-build: Returned: code: 1  signal: null
13 info lifecycle rma-toolkit@0.1.0~dev-build: Failed to exec dev-build script
14 verbose stack Error: rma-toolkit@0.1.0 dev-build: `node ./node_modules/gulp/bin/gulp.js`
14 verbose stack Exit status 1
14 verbose stack     at EventEmitter.<anonymous> (/usr/local/lib/node_modules/npm/lib/utils/lifecycle.js:239:16)
14 verbose stack     at emitTwo (events.js:106:13)
14 verbose stack     at EventEmitter.emit (events.js:191:7)
14 verbose stack     at ChildProcess.<anonymous> (/usr/local/lib/node_modules/npm/lib/utils/spawn.js:24:14)
14 verbose stack     at emitTwo (events.js:106:13)
14 verbose stack     at ChildProcess.emit (events.js:191:7)
14 verbose stack     at maybeClose (internal/child_process.js:850:16)
14 verbose stack     at Process.ChildProcess._handle.onexit (internal/child_process.js:215:5)
15 verbose pkgid rma-toolkit@0.1.0
16 verbose cwd /Users/lukasholoubek/Documents/code/rma_tools/electron-test/electron-solo
17 error Darwin 15.4.0
18 error argv "/usr/local/Cellar/node/6.1.0/bin/node" "/usr/local/bin/npm" "run" "dev-build"
19 error node v6.1.0
20 error npm  v3.8.5
21 error code ELIFECYCLE
22 error rma-toolkit@0.1.0 dev-build: `node ./node_modules/gulp/bin/gulp.js`
22 error Exit status 1
23 error Failed at the rma-toolkit@0.1.0 dev-build script 'node ./node_modules/gulp/bin/gulp.js'.
23 error Make sure you have the latest version of node.js and npm installed.
23 error If you do, this is most likely a problem with the rma-toolkit package,
23 error not with npm itself.
23 error Tell the author that this fails on your system:
23 error     node ./node_modules/gulp/bin/gulp.js
23 error You can get information on how to open an issue for this project with:
23 error     npm bugs rma-toolkit
23 error Or if that isn't available, you can get their info via:
23 error     npm owner ls rma-toolkit
23 error There is likely additional logging output above.
24 verbose exit [ 1, true ]
